[debug] [2023-03-06T11:31:58.940Z] ----------------------------------------------------------------------
[debug] [2023-03-06T11:31:58.942Z] Command:       C:\Program Files\nodejs\node.exe C:\Users\Javier\AppData\Roaming\npm\node_modules\firebase-tools\lib\bin\firebase.js init
[debug] [2023-03-06T11:31:58.942Z] CLI Version:   11.24.0
[debug] [2023-03-06T11:31:58.942Z] Platform:      win32
[debug] [2023-03-06T11:31:58.942Z] Node Version:  v18.12.1
[debug] [2023-03-06T11:31:58.943Z] Time:          Mon Mar 06 2023 12:31:58 GMT+0100 (hora estándar de Europa central)
[debug] [2023-03-06T11:31:58.943Z] ----------------------------------------------------------------------
[debug] 
[debug] [2023-03-06T11:31:58.950Z] > command requires scopes: ["email","openid","https://www.googleapis.com/auth/cloudplatformprojects.readonly","https://www.googleapis.com/auth/firebase","https://www.googleapis.com/auth/cloud-platform"]
[debug] [2023-03-06T11:31:58.950Z] > authorizing via signed-in user (banbleac@gmail.com)
[info] 
     ######## #### ########  ######## ########     ###     ######  ########
     ##        ##  ##     ## ##       ##     ##  ##   ##  ##       ##
     ######    ##  ########  ######   ########  #########  ######  ######
     ##        ##  ##    ##  ##       ##     ## ##     ##       ## ##
     ##       #### ##     ## ######## ########  ##     ##  ######  ########

You're about to initialize a Firebase project in this directory:

  C:\Users\Javier\Documents\FrontEnd\Proyectos Angular\ng-14-BuyAndCook

[info] 
=== Project Setup
[info] 
[info] First, let's associate this project directory with a Firebase project.
[info] You can create multiple project aliases by running firebase use --add, 
[info] but for now we'll just set up a default project.
[info] 
[debug] [2023-03-06T11:32:59.780Z] >>> [apiv2][query] GET https://firebase.googleapis.com/v1beta1/projects pageSize=100
[debug] [2023-03-06T11:33:00.326Z] <<< [apiv2][status] GET https://firebase.googleapis.com/v1beta1/projects 200
[debug] [2023-03-06T11:33:00.327Z] <<< [apiv2][body] GET https://firebase.googleapis.com/v1beta1/projects [omitted]
[debug] [2023-03-06T11:33:23.168Z] ----------------------------------------------------------------------
[debug] [2023-03-06T11:33:23.169Z] Command:       C:\Program Files\nodejs\node.exe C:\Users\Javier\AppData\Roaming\npm\node_modules\firebase-tools\lib\bin\firebase.js init
[debug] [2023-03-06T11:33:23.170Z] CLI Version:   11.24.0
[debug] [2023-03-06T11:33:23.170Z] Platform:      win32
[debug] [2023-03-06T11:33:23.170Z] Node Version:  v18.12.1
[debug] [2023-03-06T11:33:23.171Z] Time:          Mon Mar 06 2023 12:33:23 GMT+0100 (hora estándar de Europa central)
[debug] [2023-03-06T11:33:23.171Z] ----------------------------------------------------------------------
[debug] 
[debug] [2023-03-06T11:33:23.178Z] > command requires scopes: ["email","openid","https://www.googleapis.com/auth/cloudplatformprojects.readonly","https://www.googleapis.com/auth/firebase","https://www.googleapis.com/auth/cloud-platform"]
[debug] [2023-03-06T11:33:23.178Z] > authorizing via signed-in user (banbleac@gmail.com)
[info] 
     ######## #### ########  ######## ########     ###     ######  ########
     ##        ##  ##     ## ##       ##     ##  ##   ##  ##       ##
     ######    ##  ########  ######   ########  #########  ######  ######
     ##        ##  ##    ##  ##       ##     ## ##     ##       ## ##
     ##       #### ##     ## ######## ########  ##     ##  ######  ########

You're about to initialize a Firebase project in this directory:

  C:\Users\Javier\Documents\FrontEnd\Proyectos Angular\ng-14-BuyAndCook

[info] 
=== Project Setup
[info] 
[info] First, let's associate this project directory with a Firebase project.
[info] You can create multiple project aliases by running firebase use --add, 
[info] but for now we'll just set up a default project.
[info] 
[debug] [2023-03-06T11:35:42.076Z] >>> [apiv2][query] GET https://firebase.googleapis.com/v1beta1/projects pageSize=100
[debug] [2023-03-06T11:35:42.657Z] <<< [apiv2][status] GET https://firebase.googleapis.com/v1beta1/projects 200
[debug] [2023-03-06T11:35:42.657Z] <<< [apiv2][body] GET https://firebase.googleapis.com/v1beta1/projects [omitted]
[debug] [2023-03-06T11:36:06.990Z] ----------------------------------------------------------------------
[debug] [2023-03-06T11:36:06.992Z] Command:       C:\Program Files\nodejs\node.exe C:\Users\Javier\AppData\Roaming\npm\node_modules\firebase-tools\lib\bin\firebase.js init
[debug] [2023-03-06T11:36:06.993Z] CLI Version:   11.24.0
[debug] [2023-03-06T11:36:06.993Z] Platform:      win32
[debug] [2023-03-06T11:36:06.993Z] Node Version:  v18.12.1
[debug] [2023-03-06T11:36:06.994Z] Time:          Mon Mar 06 2023 12:36:06 GMT+0100 (hora estándar de Europa central)
[debug] [2023-03-06T11:36:06.994Z] ----------------------------------------------------------------------
[debug] 
[debug] [2023-03-06T11:36:07.000Z] > command requires scopes: ["email","openid","https://www.googleapis.com/auth/cloudplatformprojects.readonly","https://www.googleapis.com/auth/firebase","https://www.googleapis.com/auth/cloud-platform"]
[debug] [2023-03-06T11:36:07.001Z] > authorizing via signed-in user (banbleac@gmail.com)
[info] 
     ######## #### ########  ######## ########     ###     ######  ########
     ##        ##  ##     ## ##       ##     ##  ##   ##  ##       ##
     ######    ##  ########  ######   ########  #########  ######  ######
     ##        ##  ##    ##  ##       ##     ## ##     ##       ## ##
     ##       #### ##     ## ######## ########  ##     ##  ######  ########

You're about to initialize a Firebase project in this directory:

  C:\Users\Javier\Documents\FrontEnd\Proyectos Angular\ng-14-BuyAndCook

